INFO       in table.py            --> Configuration parameters are: {'use_title_row': True, 'use_prefixing': True, 'use_footnotes': True, 'use_spanning_cells': True, 'use_header_extension': True, 'use_max_data_area': False, 'standardize_empty_data': True, 'row_header': None, 'col_header': None}
INFO       in from_any.py         --> Input is list type.
INFO       in from_any.py         --> Input is list type.
INFO       in from_any.py         --> Input is list type.
INFO       in table.py            --> Configuration parameters are: {'use_title_row': True, 'use_prefixing': True, 'use_footnotes': True, 'use_spanning_cells': True, 'use_header_extension': True, 'use_max_data_area': False, 'standardize_empty_data': True, 'row_header': None, 'col_header': None}
INFO       in from_any.py         --> Input is list type.
INFO       in from_any.py         --> Input is list type.
INFO       in from_any.py         --> Input is list type.
ERROR      in algorithms.py       --> Spanning cells update was not performed due to failure of MIPS algorithm.
ERROR      in algorithms.py       --> Prefixing was not performed due to failure of MIPS algorithm.
CRITICAL   in table.py            --> ERROR: Main MIPS Algorithm failed. Maybe the input table is bad!
ERROR      in table.py            --> Subtable MIPS failure ('ERROR: Main MIPS Algorithm failed. Maybe the input table is bad!',)
Traceback (most recent call last):
  File "E:\Anaconda\envs\ChemDataExtractor_opticalmaterials\lib\site-packages\tabledataextractor\table\table.py", line 115, in _analyze_table
    self._cc1, self._cc2 = find_cc1_cc2(self, self._cc4, self._pre_cleaned_table)
  File "E:\Anaconda\envs\ChemDataExtractor_opticalmaterials\lib\site-packages\tabledataextractor\table\algorithms.py", line 392, in find_cc1_cc2
    r2 = cc2[0]
TypeError: 'NoneType' object is not subscriptable

During handling of the above exception, another exception occurred:

Traceback (most recent call last):
  File "E:\Anaconda\envs\ChemDataExtractor_opticalmaterials\lib\site-packages\tabledataextractor\table\table.py", line 330, in subtables
    tables.append(Table(subtable))
  File "E:\Anaconda\envs\ChemDataExtractor_opticalmaterials\lib\site-packages\tabledataextractor\table\table.py", line 70, in __init__
    self._analyze_table()
  File "E:\Anaconda\envs\ChemDataExtractor_opticalmaterials\lib\site-packages\tabledataextractor\table\table.py", line 119, in _analyze_table
    raise MIPSError(msg)
tabledataextractor.exceptions.MIPSError: ERROR: Main MIPS Algorithm failed. Maybe the input table is bad!
INFO       in table.py            --> Configuration parameters are: {'use_title_row': True, 'use_prefixing': True, 'use_footnotes': True, 'use_spanning_cells': True, 'use_header_extension': True, 'use_max_data_area': False, 'standardize_empty_data': True, 'row_header': None, 'col_header': None}
INFO       in from_any.py         --> Input is list type.
INFO       in from_any.py         --> Input is list type.
INFO       in from_any.py         --> Input is list type.
ERROR      in table_new.py        --> TableDataExtractor 'Table' error: No CC3 critical cell found! No data region defined.
INFO       in table_new.py        --> Attempting TableDataExtractor 'TrivialTable' interpretation.
INFO       in table.py            --> Configuration parameters are: {'standardize_empty_data': True, 'clean_row_header': False, 'row_header': 0, 'col_header': 0}
INFO       in from_any.py         --> Input is list type.
INFO       in from_any.py         --> Input is list type.
INFO       in table.py            --> Configuration parameters are: {'use_title_row': True, 'use_prefixing': True, 'use_footnotes': True, 'use_spanning_cells': True, 'use_header_extension': True, 'use_max_data_area': False, 'standardize_empty_data': True, 'row_header': None, 'col_header': None}
INFO       in from_any.py         --> Input is list type.
INFO       in from_any.py         --> Input is list type.
INFO       in from_any.py         --> Input is list type.
INFO       in table.py            --> Configuration parameters are: {'use_title_row': True, 'use_prefixing': True, 'use_footnotes': True, 'use_spanning_cells': True, 'use_header_extension': True, 'use_max_data_area': False, 'standardize_empty_data': True, 'row_header': None, 'col_header': None}
INFO       in from_any.py         --> Input is list type.
INFO       in from_any.py         --> Input is list type.
INFO       in from_any.py         --> Input is list type.
INFO       in table.py            --> Configuration parameters are: {'standardize_empty_data': False, 'clean_row_header': True, 'row_header': 0, 'col_header': 0}
INFO       in from_any.py         --> Input is list type.
INFO       in from_any.py         --> Input is list type.
INFO       in table.py            --> Configuration parameters are: {'standardize_empty_data': False, 'clean_row_header': True, 'row_header': 0, 'col_header': 0}
INFO       in from_any.py         --> Input is list type.
INFO       in from_any.py         --> Input is list type.
INFO       in table.py            --> Configuration parameters are: {'standardize_empty_data': False, 'clean_row_header': True, 'row_header': 0, 'col_header': 0}
INFO       in from_any.py         --> Input is list type.
INFO       in from_any.py         --> Input is list type.
INFO       in table.py            --> Configuration parameters are: {'standardize_empty_data': False, 'clean_row_header': True, 'row_header': 0, 'col_header': 0}
INFO       in from_any.py         --> Input is list type.
INFO       in from_any.py         --> Input is list type.
INFO       in table.py            --> Configuration parameters are: {'standardize_empty_data': False, 'clean_row_header': True, 'row_header': 0, 'col_header': 0}
INFO       in from_any.py         --> Input is list type.
INFO       in from_any.py         --> Input is list type.
INFO       in table.py            --> Configuration parameters are: {'standardize_empty_data': False, 'clean_row_header': True, 'row_header': 0, 'col_header': 0}
INFO       in from_any.py         --> Input is list type.
INFO       in from_any.py         --> Input is list type.
INFO       in table.py            --> Configuration parameters are: {'standardize_empty_data': False, 'clean_row_header': True, 'row_header': 0, 'col_header': 0}
INFO       in from_any.py         --> Input is list type.
INFO       in from_any.py         --> Input is list type.
INFO       in table.py            --> Configuration parameters are: {'standardize_empty_data': False, 'clean_row_header': True, 'row_header': 0, 'col_header': 0}
INFO       in from_any.py         --> Input is list type.
INFO       in from_any.py         --> Input is list type.
INFO       in table.py            --> Configuration parameters are: {'standardize_empty_data': False, 'clean_row_header': True, 'row_header': 0, 'col_header': 0}
INFO       in from_any.py         --> Input is list type.
INFO       in from_any.py         --> Input is list type.
INFO       in table.py            --> Configuration parameters are: {'standardize_empty_data': False, 'clean_row_header': True, 'row_header': 0, 'col_header': 0}
INFO       in from_any.py         --> Input is list type.
INFO       in from_any.py         --> Input is list type.
INFO       in table.py            --> Configuration parameters are: {'standardize_empty_data': False, 'clean_row_header': True, 'row_header': 0, 'col_header': 0}
INFO       in from_any.py         --> Input is list type.
INFO       in from_any.py         --> Input is list type.
INFO       in table.py            --> Configuration parameters are: {'standardize_empty_data': False, 'clean_row_header': True, 'row_header': 0, 'col_header': 0}
INFO       in from_any.py         --> Input is list type.
INFO       in from_any.py         --> Input is list type.
INFO       in table.py            --> Configuration parameters are: {'standardize_empty_data': False, 'clean_row_header': True, 'row_header': 0, 'col_header': 0}
INFO       in from_any.py         --> Input is list type.
INFO       in from_any.py         --> Input is list type.
INFO       in table.py            --> Configuration parameters are: {'standardize_empty_data': False, 'clean_row_header': True, 'row_header': 0, 'col_header': 0}
INFO       in from_any.py         --> Input is list type.
INFO       in from_any.py         --> Input is list type.
INFO       in table.py            --> Configuration parameters are: {'standardize_empty_data': False, 'clean_row_header': True, 'row_header': 0, 'col_header': 0}
INFO       in from_any.py         --> Input is list type.
INFO       in from_any.py         --> Input is list type.
INFO       in table.py            --> Configuration parameters are: {'standardize_empty_data': False, 'clean_row_header': True, 'row_header': 0, 'col_header': 0}
INFO       in from_any.py         --> Input is list type.
INFO       in from_any.py         --> Input is list type.
INFO       in table.py            --> Configuration parameters are: {'standardize_empty_data': False, 'clean_row_header': True, 'row_header': 0, 'col_header': 0}
INFO       in from_any.py         --> Input is list type.
INFO       in from_any.py         --> Input is list type.
INFO       in table.py            --> Configuration parameters are: {'standardize_empty_data': False, 'clean_row_header': True, 'row_header': 0, 'col_header': 0}
INFO       in from_any.py         --> Input is list type.
INFO       in from_any.py         --> Input is list type.
INFO       in table.py            --> Configuration parameters are: {'standardize_empty_data': False, 'clean_row_header': True, 'row_header': 0, 'col_header': 0}
INFO       in from_any.py         --> Input is list type.
INFO       in from_any.py         --> Input is list type.
INFO       in table.py            --> Configuration parameters are: {'standardize_empty_data': False, 'clean_row_header': True, 'row_header': 0, 'col_header': 0}
INFO       in from_any.py         --> Input is list type.
INFO       in from_any.py         --> Input is list type.
INFO       in table.py            --> Configuration parameters are: {'standardize_empty_data': False, 'clean_row_header': True, 'row_header': 0, 'col_header': 0}
INFO       in from_any.py         --> Input is list type.
INFO       in from_any.py         --> Input is list type.
INFO       in table.py            --> Configuration parameters are: {'standardize_empty_data': False, 'clean_row_header': True, 'row_header': 0, 'col_header': 0}
INFO       in from_any.py         --> Input is list type.
INFO       in from_any.py         --> Input is list type.
INFO       in table.py            --> Configuration parameters are: {'standardize_empty_data': False, 'clean_row_header': True, 'row_header': 0, 'col_header': 0}
INFO       in from_any.py         --> Input is list type.
INFO       in from_any.py         --> Input is list type.
INFO       in table.py            --> Configuration parameters are: {'standardize_empty_data': False, 'clean_row_header': True, 'row_header': 0, 'col_header': 0}
INFO       in from_any.py         --> Input is list type.
INFO       in from_any.py         --> Input is list type.
INFO       in table.py            --> Configuration parameters are: {'standardize_empty_data': False, 'clean_row_header': True, 'row_header': 0, 'col_header': 0}
INFO       in from_any.py         --> Input is list type.
INFO       in from_any.py         --> Input is list type.
INFO       in table.py            --> Configuration parameters are: {'standardize_empty_data': False, 'clean_row_header': True, 'row_header': 0, 'col_header': 0}
INFO       in from_any.py         --> Input is list type.
INFO       in from_any.py         --> Input is list type.
INFO       in table.py            --> Configuration parameters are: {'standardize_empty_data': False, 'clean_row_header': True, 'row_header': 0, 'col_header': 0}
INFO       in from_any.py         --> Input is list type.
INFO       in from_any.py         --> Input is list type.
INFO       in table.py            --> Configuration parameters are: {'standardize_empty_data': False, 'clean_row_header': True, 'row_header': 0, 'col_header': 0}
INFO       in from_any.py         --> Input is list type.
INFO       in from_any.py         --> Input is list type.
INFO       in table.py            --> Configuration parameters are: {'standardize_empty_data': False, 'clean_row_header': True, 'row_header': 0, 'col_header': 0}
INFO       in from_any.py         --> Input is list type.
INFO       in from_any.py         --> Input is list type.
INFO       in table.py            --> Configuration parameters are: {'standardize_empty_data': False, 'clean_row_header': True, 'row_header': 0, 'col_header': 0}
INFO       in from_any.py         --> Input is list type.
INFO       in from_any.py         --> Input is list type.
INFO       in table.py            --> Configuration parameters are: {'standardize_empty_data': False, 'clean_row_header': True, 'row_header': 0, 'col_header': 0}
INFO       in from_any.py         --> Input is list type.
INFO       in from_any.py         --> Input is list type.
INFO       in table.py            --> Configuration parameters are: {'standardize_empty_data': False, 'clean_row_header': True, 'row_header': 0, 'col_header': 0}
INFO       in from_any.py         --> Input is list type.
INFO       in from_any.py         --> Input is list type.
INFO       in table.py            --> Configuration parameters are: {'standardize_empty_data': False, 'clean_row_header': True, 'row_header': 0, 'col_header': 0}
INFO       in from_any.py         --> Input is list type.
INFO       in from_any.py         --> Input is list type.
INFO       in table.py            --> Configuration parameters are: {'standardize_empty_data': False, 'clean_row_header': True, 'row_header': 0, 'col_header': 0}
INFO       in from_any.py         --> Input is list type.
INFO       in from_any.py         --> Input is list type.
INFO       in table.py            --> Configuration parameters are: {'standardize_empty_data': False, 'clean_row_header': True, 'row_header': 0, 'col_header': 0}
INFO       in from_any.py         --> Input is list type.
INFO       in from_any.py         --> Input is list type.
INFO       in table.py            --> Configuration parameters are: {'standardize_empty_data': False, 'clean_row_header': True, 'row_header': 0, 'col_header': 0}
INFO       in from_any.py         --> Input is list type.
INFO       in from_any.py         --> Input is list type.
INFO       in table.py            --> Configuration parameters are: {'standardize_empty_data': False, 'clean_row_header': True, 'row_header': 0, 'col_header': 0}
INFO       in from_any.py         --> Input is list type.
INFO       in from_any.py         --> Input is list type.
INFO       in table.py            --> Configuration parameters are: {'standardize_empty_data': False, 'clean_row_header': True, 'row_header': 0, 'col_header': 0}
INFO       in from_any.py         --> Input is list type.
INFO       in from_any.py         --> Input is list type.
INFO       in table.py            --> Configuration parameters are: {'standardize_empty_data': False, 'clean_row_header': True, 'row_header': 0, 'col_header': 0}
INFO       in from_any.py         --> Input is list type.
INFO       in from_any.py         --> Input is list type.
INFO       in table.py            --> Configuration parameters are: {'standardize_empty_data': False, 'clean_row_header': True, 'row_header': 0, 'col_header': 0}
INFO       in from_any.py         --> Input is list type.
INFO       in from_any.py         --> Input is list type.
INFO       in table.py            --> Configuration parameters are: {'standardize_empty_data': False, 'clean_row_header': True, 'row_header': 0, 'col_header': 0}
INFO       in from_any.py         --> Input is list type.
INFO       in from_any.py         --> Input is list type.
INFO       in table.py            --> Configuration parameters are: {'standardize_empty_data': False, 'clean_row_header': True, 'row_header': 0, 'col_header': 0}
INFO       in from_any.py         --> Input is list type.
INFO       in from_any.py         --> Input is list type.
INFO       in table.py            --> Configuration parameters are: {'standardize_empty_data': False, 'clean_row_header': True, 'row_header': 0, 'col_header': 0}
INFO       in from_any.py         --> Input is list type.
INFO       in from_any.py         --> Input is list type.
INFO       in table.py            --> Configuration parameters are: {'standardize_empty_data': False, 'clean_row_header': True, 'row_header': 0, 'col_header': 0}
INFO       in from_any.py         --> Input is list type.
INFO       in from_any.py         --> Input is list type.
INFO       in table.py            --> Configuration parameters are: {'standardize_empty_data': False, 'clean_row_header': True, 'row_header': 0, 'col_header': 0}
INFO       in from_any.py         --> Input is list type.
INFO       in from_any.py         --> Input is list type.
INFO       in table.py            --> Configuration parameters are: {'standardize_empty_data': False, 'clean_row_header': True, 'row_header': 0, 'col_header': 0}
INFO       in from_any.py         --> Input is list type.
INFO       in from_any.py         --> Input is list type.
INFO       in table.py            --> Configuration parameters are: {'standardize_empty_data': False, 'clean_row_header': True, 'row_header': 0, 'col_header': 0}
INFO       in from_any.py         --> Input is list type.
INFO       in from_any.py         --> Input is list type.
INFO       in table.py            --> Configuration parameters are: {'standardize_empty_data': False, 'clean_row_header': True, 'row_header': 0, 'col_header': 0}
INFO       in from_any.py         --> Input is list type.
INFO       in from_any.py         --> Input is list type.
INFO       in table.py            --> Configuration parameters are: {'standardize_empty_data': False, 'clean_row_header': True, 'row_header': 0, 'col_header': 0}
INFO       in from_any.py         --> Input is list type.
INFO       in from_any.py         --> Input is list type.
INFO       in table.py            --> Configuration parameters are: {'standardize_empty_data': False, 'clean_row_header': True, 'row_header': 0, 'col_header': 0}
INFO       in from_any.py         --> Input is list type.
INFO       in from_any.py         --> Input is list type.
INFO       in table.py            --> Configuration parameters are: {'standardize_empty_data': False, 'clean_row_header': True, 'row_header': 0, 'col_header': 0}
INFO       in from_any.py         --> Input is list type.
INFO       in from_any.py         --> Input is list type.
INFO       in table.py            --> Configuration parameters are: {'standardize_empty_data': False, 'clean_row_header': True, 'row_header': 0, 'col_header': 0}
INFO       in from_any.py         --> Input is list type.
INFO       in from_any.py         --> Input is list type.
INFO       in table.py            --> Configuration parameters are: {'standardize_empty_data': False, 'clean_row_header': True, 'row_header': 0, 'col_header': 0}
INFO       in from_any.py         --> Input is list type.
INFO       in from_any.py         --> Input is list type.
INFO       in table.py            --> Configuration parameters are: {'standardize_empty_data': False, 'clean_row_header': True, 'row_header': 0, 'col_header': 0}
INFO       in from_any.py         --> Input is list type.
INFO       in from_any.py         --> Input is list type.
INFO       in table.py            --> Configuration parameters are: {'standardize_empty_data': False, 'clean_row_header': True, 'row_header': 0, 'col_header': 0}
INFO       in from_any.py         --> Input is list type.
INFO       in from_any.py         --> Input is list type.
INFO       in table.py            --> Configuration parameters are: {'standardize_empty_data': False, 'clean_row_header': True, 'row_header': 0, 'col_header': 0}
INFO       in from_any.py         --> Input is list type.
INFO       in from_any.py         --> Input is list type.
INFO       in table.py            --> Configuration parameters are: {'standardize_empty_data': False, 'clean_row_header': True, 'row_header': 0, 'col_header': 0}
INFO       in from_any.py         --> Input is list type.
INFO       in from_any.py         --> Input is list type.
INFO       in table.py            --> Configuration parameters are: {'standardize_empty_data': False, 'clean_row_header': True, 'row_header': 0, 'col_header': 0}
INFO       in from_any.py         --> Input is list type.
INFO       in from_any.py         --> Input is list type.
INFO       in table.py            --> Configuration parameters are: {'standardize_empty_data': False, 'clean_row_header': True, 'row_header': 0, 'col_header': 0}
INFO       in from_any.py         --> Input is list type.
INFO       in from_any.py         --> Input is list type.
INFO       in table.py            --> Configuration parameters are: {'standardize_empty_data': False, 'clean_row_header': True, 'row_header': 0, 'col_header': 0}
INFO       in from_any.py         --> Input is list type.
INFO       in from_any.py         --> Input is list type.
INFO       in table.py            --> Configuration parameters are: {'standardize_empty_data': False, 'clean_row_header': True, 'row_header': 0, 'col_header': 0}
INFO       in from_any.py         --> Input is list type.
INFO       in from_any.py         --> Input is list type.
INFO       in table.py            --> Configuration parameters are: {'standardize_empty_data': False, 'clean_row_header': True, 'row_header': 0, 'col_header': 0}
INFO       in from_any.py         --> Input is list type.
INFO       in from_any.py         --> Input is list type.
INFO       in table.py            --> Configuration parameters are: {'standardize_empty_data': False, 'clean_row_header': True, 'row_header': 0, 'col_header': 0}
INFO       in from_any.py         --> Input is list type.
INFO       in from_any.py         --> Input is list type.
INFO       in table.py            --> Configuration parameters are: {'standardize_empty_data': False, 'clean_row_header': True, 'row_header': 0, 'col_header': 0}
INFO       in from_any.py         --> Input is list type.
INFO       in from_any.py         --> Input is list type.
INFO       in table.py            --> Configuration parameters are: {'standardize_empty_data': False, 'clean_row_header': True, 'row_header': 0, 'col_header': 0}
INFO       in from_any.py         --> Input is list type.
INFO       in from_any.py         --> Input is list type.
INFO       in table.py            --> Configuration parameters are: {'standardize_empty_data': False, 'clean_row_header': True, 'row_header': 0, 'col_header': 0}
INFO       in from_any.py         --> Input is list type.
INFO       in from_any.py         --> Input is list type.
INFO       in table.py            --> Configuration parameters are: {'standardize_empty_data': False, 'clean_row_header': True, 'row_header': 0, 'col_header': 0}
INFO       in from_any.py         --> Input is list type.
INFO       in from_any.py         --> Input is list type.
INFO       in table.py            --> Configuration parameters are: {'standardize_empty_data': False, 'clean_row_header': True, 'row_header': 0, 'col_header': 0}
INFO       in from_any.py         --> Input is list type.
INFO       in from_any.py         --> Input is list type.
INFO       in table.py            --> Configuration parameters are: {'standardize_empty_data': False, 'clean_row_header': True, 'row_header': 0, 'col_header': 0}
INFO       in from_any.py         --> Input is list type.
INFO       in from_any.py         --> Input is list type.
INFO       in table.py            --> Configuration parameters are: {'standardize_empty_data': False, 'clean_row_header': True, 'row_header': 0, 'col_header': 0}
INFO       in from_any.py         --> Input is list type.
INFO       in from_any.py         --> Input is list type.
INFO       in table.py            --> Configuration parameters are: {'standardize_empty_data': False, 'clean_row_header': True, 'row_header': 0, 'col_header': 0}
INFO       in from_any.py         --> Input is list type.
INFO       in from_any.py         --> Input is list type.
INFO       in table.py            --> Configuration parameters are: {'standardize_empty_data': False, 'clean_row_header': True, 'row_header': 0, 'col_header': 0}
INFO       in from_any.py         --> Input is list type.
INFO       in from_any.py         --> Input is list type.
INFO       in table.py            --> Configuration parameters are: {'standardize_empty_data': False, 'clean_row_header': True, 'row_header': 0, 'col_header': 0}
INFO       in from_any.py         --> Input is list type.
INFO       in from_any.py         --> Input is list type.
INFO       in table.py            --> Configuration parameters are: {'standardize_empty_data': False, 'clean_row_header': True, 'row_header': 0, 'col_header': 0}
INFO       in from_any.py         --> Input is list type.
INFO       in from_any.py         --> Input is list type.
INFO       in table.py            --> Configuration parameters are: {'standardize_empty_data': False, 'clean_row_header': True, 'row_header': 0, 'col_header': 0}
INFO       in from_any.py         --> Input is list type.
INFO       in from_any.py         --> Input is list type.
INFO       in table.py            --> Configuration parameters are: {'standardize_empty_data': False, 'clean_row_header': True, 'row_header': 0, 'col_header': 0}
INFO       in from_any.py         --> Input is list type.
INFO       in from_any.py         --> Input is list type.
INFO       in table.py            --> Configuration parameters are: {'standardize_empty_data': False, 'clean_row_header': True, 'row_header': 0, 'col_header': 0}
INFO       in from_any.py         --> Input is list type.
INFO       in from_any.py         --> Input is list type.
INFO       in table.py            --> Configuration parameters are: {'standardize_empty_data': False, 'clean_row_header': True, 'row_header': 0, 'col_header': 0}
INFO       in from_any.py         --> Input is list type.
INFO       in from_any.py         --> Input is list type.
INFO       in table.py            --> Configuration parameters are: {'standardize_empty_data': False, 'clean_row_header': True, 'row_header': 0, 'col_header': 0}
INFO       in from_any.py         --> Input is list type.
INFO       in from_any.py         --> Input is list type.
INFO       in table.py            --> Configuration parameters are: {'standardize_empty_data': False, 'clean_row_header': True, 'row_header': 0, 'col_header': 0}
INFO       in from_any.py         --> Input is list type.
INFO       in from_any.py         --> Input is list type.
INFO       in table.py            --> Configuration parameters are: {'use_title_row': True, 'use_prefixing': True, 'use_footnotes': True, 'use_spanning_cells': True, 'use_header_extension': True, 'use_max_data_area': False, 'standardize_empty_data': True, 'row_header': None, 'col_header': None}
INFO       in from_any.py         --> Input is list type.
INFO       in from_any.py         --> Input is list type.
INFO       in from_any.py         --> Input is list type.
INFO       in table.py            --> Configuration parameters are: {'use_title_row': True, 'use_prefixing': True, 'use_footnotes': True, 'use_spanning_cells': True, 'use_header_extension': True, 'use_max_data_area': False, 'standardize_empty_data': True, 'row_header': None, 'col_header': None}
INFO       in from_any.py         --> Input is list type.
INFO       in from_any.py         --> Input is list type.
INFO       in from_any.py         --> Input is list type.
INFO       in table.py            --> Configuration parameters are: {'use_title_row': True, 'use_prefixing': True, 'use_footnotes': True, 'use_spanning_cells': True, 'use_header_extension': True, 'use_max_data_area': False, 'standardize_empty_data': True, 'row_header': None, 'col_header': None}
INFO       in from_any.py         --> Input is list type.
INFO       in from_any.py         --> Input is list type.
INFO       in from_any.py         --> Input is list type.
INFO       in table.py            --> Configuration parameters are: {'use_title_row': True, 'use_prefixing': True, 'use_footnotes': True, 'use_spanning_cells': True, 'use_header_extension': True, 'use_max_data_area': False, 'standardize_empty_data': True, 'row_header': None, 'col_header': None}
INFO       in from_any.py         --> Input is list type.
INFO       in from_any.py         --> Input is list type.
INFO       in from_any.py         --> Input is list type.
